2017-10-04 12:39:35,357 WARN  [main] util.NativeCodeLoader (NativeCodeLoader.java:<clinit>(62)) - Unable to load native-hadoop library for your platform... using builtin-java classes where applicable
2017-10-04 12:39:35,603 INFO  [main] Configuration.deprecation (Configuration.java:warnOnceIfDeprecated(1049)) - session.id is deprecated. Instead, use dfs.metrics.session-id
2017-10-04 12:39:35,604 INFO  [main] jvm.JvmMetrics (JvmMetrics.java:init(76)) - Initializing JVM Metrics with processName=JobTracker, sessionId=
2017-10-04 12:39:35,926 WARN  [main] mapreduce.JobSubmitter (JobSubmitter.java:copyAndConfigureFiles(153)) - Hadoop command-line option parsing not performed. Implement the Tool interface and execute your application with ToolRunner to remedy this.
2017-10-04 12:39:35,957 INFO  [main] input.FileInputFormat (FileInputFormat.java:listStatus(281)) - Total input paths to process : 1
2017-10-04 12:39:36,061 INFO  [main] input.FileInputFormat (FileInputFormat.java:listStatus(281)) - Total input paths to process : 1
2017-10-04 12:39:36,119 INFO  [main] mapreduce.JobSubmitter (JobSubmitter.java:submitJobInternal(494)) - number of splits:2
2017-10-04 12:39:36,300 INFO  [main] mapreduce.JobSubmitter (JobSubmitter.java:printTokens(583)) - Submitting tokens for job: job_local1740179746_0001
2017-10-04 12:39:36,706 INFO  [main] mapreduce.Job (Job.java:submit(1300)) - The url to track the job: http://localhost:8080/
2017-10-04 12:39:36,707 INFO  [main] mapreduce.Job (Job.java:monitorAndPrintJob(1345)) - Running job: job_local1740179746_0001
2017-10-04 12:39:36,710 INFO  [Thread-13] mapred.LocalJobRunner (LocalJobRunner.java:createOutputCommitter(471)) - OutputCommitter set in config null
2017-10-04 12:39:36,717 INFO  [Thread-13] mapred.LocalJobRunner (LocalJobRunner.java:createOutputCommitter(489)) - OutputCommitter is org.apache.hadoop.mapreduce.lib.output.FileOutputCommitter
2017-10-04 12:39:36,818 INFO  [Thread-13] mapred.LocalJobRunner (LocalJobRunner.java:runTasks(448)) - Waiting for map tasks
2017-10-04 12:39:36,819 INFO  [LocalJobRunner Map Task Executor #0] mapred.LocalJobRunner (LocalJobRunner.java:run(224)) - Starting task: attempt_local1740179746_0001_m_000000_0
2017-10-04 12:39:36,861 INFO  [LocalJobRunner Map Task Executor #0] mapred.Task (Task.java:initialize(587)) -  Using ResourceCalculatorProcessTree : [ ]
2017-10-04 12:39:36,863 INFO  [LocalJobRunner Map Task Executor #0] mapred.MapTask (MapTask.java:runNewMapper(753)) - Processing split: file:/home/amhatre/project1/M-matrix-small.txt:0+92
2017-10-04 12:39:37,256 INFO  [LocalJobRunner Map Task Executor #0] mapred.MapTask (MapTask.java:setEquator(1202)) - (EQUATOR) 0 kvi 26214396(104857584)
2017-10-04 12:39:37,257 INFO  [LocalJobRunner Map Task Executor #0] mapred.MapTask (MapTask.java:init(995)) - mapreduce.task.io.sort.mb: 100
2017-10-04 12:39:37,257 INFO  [LocalJobRunner Map Task Executor #0] mapred.MapTask (MapTask.java:init(996)) - soft limit at 83886080
2017-10-04 12:39:37,257 INFO  [LocalJobRunner Map Task Executor #0] mapred.MapTask (MapTask.java:init(997)) - bufstart = 0; bufvoid = 104857600
2017-10-04 12:39:37,257 INFO  [LocalJobRunner Map Task Executor #0] mapred.MapTask (MapTask.java:init(998)) - kvstart = 26214396; length = 6553600
2017-10-04 12:39:37,270 INFO  [LocalJobRunner Map Task Executor #0] mapred.MapTask (MapTask.java:createSortingCollector(402)) - Map output collector class = org.apache.hadoop.mapred.MapTask$MapOutputBuffer
2017-10-04 12:39:37,297 INFO  [LocalJobRunner Map Task Executor #0] mapred.LocalJobRunner (LocalJobRunner.java:statusUpdate(591)) - 
2017-10-04 12:39:37,298 INFO  [LocalJobRunner Map Task Executor #0] mapred.MapTask (MapTask.java:flush(1457)) - Starting flush of map output
2017-10-04 12:39:37,298 INFO  [LocalJobRunner Map Task Executor #0] mapred.MapTask (MapTask.java:flush(1475)) - Spilling map output
2017-10-04 12:39:37,298 INFO  [LocalJobRunner Map Task Executor #0] mapred.MapTask (MapTask.java:flush(1476)) - bufstart = 0; bufend = 198; bufvoid = 104857600
2017-10-04 12:39:37,298 INFO  [LocalJobRunner Map Task Executor #0] mapred.MapTask (MapTask.java:flush(1478)) - kvstart = 26214396(104857584); kvend = 26214356(104857424); length = 41/6553600
2017-10-04 12:39:37,302 INFO  [LocalJobRunner Map Task Executor #0] mapred.MapTask (MapTask.java:sortAndSpill(1660)) - Finished spill 0
2017-10-04 12:39:37,313 INFO  [LocalJobRunner Map Task Executor #0] mapred.Task (Task.java:done(1001)) - Task:attempt_local1740179746_0001_m_000000_0 is done. And is in the process of committing
2017-10-04 12:39:37,329 INFO  [LocalJobRunner Map Task Executor #0] mapred.LocalJobRunner (LocalJobRunner.java:statusUpdate(591)) - map
2017-10-04 12:39:37,329 INFO  [LocalJobRunner Map Task Executor #0] mapred.Task (Task.java:sendDone(1121)) - Task 'attempt_local1740179746_0001_m_000000_0' done.
2017-10-04 12:39:37,330 INFO  [LocalJobRunner Map Task Executor #0] mapred.LocalJobRunner (LocalJobRunner.java:run(249)) - Finishing task: attempt_local1740179746_0001_m_000000_0
2017-10-04 12:39:37,331 INFO  [LocalJobRunner Map Task Executor #0] mapred.LocalJobRunner (LocalJobRunner.java:run(224)) - Starting task: attempt_local1740179746_0001_m_000001_0
2017-10-04 12:39:37,332 INFO  [LocalJobRunner Map Task Executor #0] mapred.Task (Task.java:initialize(587)) -  Using ResourceCalculatorProcessTree : [ ]
2017-10-04 12:39:37,333 INFO  [LocalJobRunner Map Task Executor #0] mapred.MapTask (MapTask.java:runNewMapper(753)) - Processing split: file:/home/amhatre/project1/N-matrix-small.txt:0+67
2017-10-04 12:39:37,354 INFO  [LocalJobRunner Map Task Executor #0] mapred.MapTask (MapTask.java:setEquator(1202)) - (EQUATOR) 0 kvi 26214396(104857584)
2017-10-04 12:39:37,355 INFO  [LocalJobRunner Map Task Executor #0] mapred.MapTask (MapTask.java:init(995)) - mapreduce.task.io.sort.mb: 100
2017-10-04 12:39:37,355 INFO  [LocalJobRunner Map Task Executor #0] mapred.MapTask (MapTask.java:init(996)) - soft limit at 83886080
2017-10-04 12:39:37,355 INFO  [LocalJobRunner Map Task Executor #0] mapred.MapTask (MapTask.java:init(997)) - bufstart = 0; bufvoid = 104857600
2017-10-04 12:39:37,355 INFO  [LocalJobRunner Map Task Executor #0] mapred.MapTask (MapTask.java:init(998)) - kvstart = 26214396; length = 6553600
2017-10-04 12:39:37,356 INFO  [LocalJobRunner Map Task Executor #0] mapred.MapTask (MapTask.java:createSortingCollector(402)) - Map output collector class = org.apache.hadoop.mapred.MapTask$MapOutputBuffer
2017-10-04 12:39:37,359 INFO  [LocalJobRunner Map Task Executor #0] mapred.LocalJobRunner (LocalJobRunner.java:statusUpdate(591)) - 
2017-10-04 12:39:37,361 INFO  [LocalJobRunner Map Task Executor #0] mapred.MapTask (MapTask.java:flush(1457)) - Starting flush of map output
2017-10-04 12:39:37,361 INFO  [LocalJobRunner Map Task Executor #0] mapred.MapTask (MapTask.java:flush(1475)) - Spilling map output
2017-10-04 12:39:37,361 INFO  [LocalJobRunner Map Task Executor #0] mapred.MapTask (MapTask.java:flush(1476)) - bufstart = 0; bufend = 144; bufvoid = 104857600
2017-10-04 12:39:37,361 INFO  [LocalJobRunner Map Task Executor #0] mapred.MapTask (MapTask.java:flush(1478)) - kvstart = 26214396(104857584); kvend = 26214368(104857472); length = 29/6553600
2017-10-04 12:39:37,362 INFO  [LocalJobRunner Map Task Executor #0] mapred.MapTask (MapTask.java:sortAndSpill(1660)) - Finished spill 0
2017-10-04 12:39:37,364 INFO  [LocalJobRunner Map Task Executor #0] mapred.Task (Task.java:done(1001)) - Task:attempt_local1740179746_0001_m_000001_0 is done. And is in the process of committing
2017-10-04 12:39:37,371 INFO  [LocalJobRunner Map Task Executor #0] mapred.LocalJobRunner (LocalJobRunner.java:statusUpdate(591)) - map
2017-10-04 12:39:37,371 INFO  [LocalJobRunner Map Task Executor #0] mapred.Task (Task.java:sendDone(1121)) - Task 'attempt_local1740179746_0001_m_000001_0' done.
2017-10-04 12:39:37,371 INFO  [LocalJobRunner Map Task Executor #0] mapred.LocalJobRunner (LocalJobRunner.java:run(249)) - Finishing task: attempt_local1740179746_0001_m_000001_0
2017-10-04 12:39:37,372 INFO  [Thread-13] mapred.LocalJobRunner (LocalJobRunner.java:runTasks(456)) - map task executor complete.
2017-10-04 12:39:37,376 INFO  [Thread-13] mapred.LocalJobRunner (LocalJobRunner.java:runTasks(448)) - Waiting for reduce tasks
2017-10-04 12:39:37,376 INFO  [pool-3-thread-1] mapred.LocalJobRunner (LocalJobRunner.java:run(302)) - Starting task: attempt_local1740179746_0001_r_000000_0
2017-10-04 12:39:37,382 INFO  [pool-3-thread-1] mapred.Task (Task.java:initialize(587)) -  Using ResourceCalculatorProcessTree : [ ]
2017-10-04 12:39:37,384 INFO  [pool-3-thread-1] mapred.ReduceTask (ReduceTask.java:run(362)) - Using ShuffleConsumerPlugin: org.apache.hadoop.mapreduce.task.reduce.Shuffle@78734fd5
2017-10-04 12:39:37,405 INFO  [pool-3-thread-1] reduce.MergeManagerImpl (MergeManagerImpl.java:<init>(196)) - MergerManager: memoryLimit=703542080, maxSingleShuffleLimit=175885520, mergeThreshold=464337792, ioSortFactor=10, memToMemMergeOutputsThreshold=10
2017-10-04 12:39:37,419 INFO  [EventFetcher for fetching Map Completion Events] reduce.EventFetcher (EventFetcher.java:run(61)) - attempt_local1740179746_0001_r_000000_0 Thread started: EventFetcher for fetching Map Completion Events
2017-10-04 12:39:37,507 INFO  [localfetcher#1] reduce.LocalFetcher (LocalFetcher.java:copyMapOutput(141)) - localfetcher#1 about to shuffle output of map attempt_local1740179746_0001_m_000000_0 decomp: 222 len: 226 to MEMORY
2017-10-04 12:39:37,510 INFO  [localfetcher#1] reduce.InMemoryMapOutput (InMemoryMapOutput.java:shuffle(100)) - Read 222 bytes from map-output for attempt_local1740179746_0001_m_000000_0
2017-10-04 12:39:37,554 INFO  [localfetcher#1] reduce.MergeManagerImpl (MergeManagerImpl.java:closeInMemoryFile(314)) - closeInMemoryFile -> map-output of size: 222, inMemoryMapOutputs.size() -> 1, commitMemory -> 0, usedMemory ->222
2017-10-04 12:39:37,568 INFO  [localfetcher#1] reduce.LocalFetcher (LocalFetcher.java:copyMapOutput(141)) - localfetcher#1 about to shuffle output of map attempt_local1740179746_0001_m_000001_0 decomp: 162 len: 166 to MEMORY
2017-10-04 12:39:37,568 INFO  [localfetcher#1] reduce.InMemoryMapOutput (InMemoryMapOutput.java:shuffle(100)) - Read 162 bytes from map-output for attempt_local1740179746_0001_m_000001_0
2017-10-04 12:39:37,568 INFO  [localfetcher#1] reduce.MergeManagerImpl (MergeManagerImpl.java:closeInMemoryFile(314)) - closeInMemoryFile -> map-output of size: 162, inMemoryMapOutputs.size() -> 2, commitMemory -> 222, usedMemory ->384
2017-10-04 12:39:37,569 INFO  [EventFetcher for fetching Map Completion Events] reduce.EventFetcher (EventFetcher.java:run(76)) - EventFetcher is interrupted.. Returning
2017-10-04 12:39:37,570 INFO  [pool-3-thread-1] mapred.LocalJobRunner (LocalJobRunner.java:statusUpdate(591)) - 2 / 2 copied.
2017-10-04 12:39:37,570 INFO  [pool-3-thread-1] reduce.MergeManagerImpl (MergeManagerImpl.java:finalMerge(674)) - finalMerge called with 2 in-memory map-outputs and 0 on-disk map-outputs
2017-10-04 12:39:37,574 INFO  [pool-3-thread-1] mapred.Merger (Merger.java:merge(597)) - Merging 2 sorted segments
2017-10-04 12:39:37,574 INFO  [pool-3-thread-1] mapred.Merger (Merger.java:merge(696)) - Down to the last merge-pass, with 2 segments left of total size: 372 bytes
2017-10-04 12:39:37,575 INFO  [pool-3-thread-1] reduce.MergeManagerImpl (MergeManagerImpl.java:finalMerge(751)) - Merged 2 segments, 384 bytes to disk to satisfy reduce memory limit
2017-10-04 12:39:37,575 INFO  [pool-3-thread-1] reduce.MergeManagerImpl (MergeManagerImpl.java:finalMerge(781)) - Merging 1 files, 386 bytes from disk
2017-10-04 12:39:37,576 INFO  [pool-3-thread-1] reduce.MergeManagerImpl (MergeManagerImpl.java:finalMerge(796)) - Merging 0 segments, 0 bytes from memory into reduce
2017-10-04 12:39:37,576 INFO  [pool-3-thread-1] mapred.Merger (Merger.java:merge(597)) - Merging 1 sorted segments
2017-10-04 12:39:37,576 INFO  [pool-3-thread-1] mapred.Merger (Merger.java:merge(696)) - Down to the last merge-pass, with 1 segments left of total size: 376 bytes
2017-10-04 12:39:37,576 INFO  [pool-3-thread-1] mapred.LocalJobRunner (LocalJobRunner.java:statusUpdate(591)) - 2 / 2 copied.
2017-10-04 12:39:37,598 INFO  [pool-3-thread-1] Configuration.deprecation (Configuration.java:warnOnceIfDeprecated(1049)) - mapred.skip.on is deprecated. Instead, use mapreduce.job.skiprecords
2017-10-04 12:39:37,608 INFO  [pool-3-thread-1] mapred.Task (Task.java:done(1001)) - Task:attempt_local1740179746_0001_r_000000_0 is done. And is in the process of committing
2017-10-04 12:39:37,609 INFO  [pool-3-thread-1] mapred.LocalJobRunner (LocalJobRunner.java:statusUpdate(591)) - 2 / 2 copied.
2017-10-04 12:39:37,609 INFO  [pool-3-thread-1] mapred.Task (Task.java:commit(1162)) - Task attempt_local1740179746_0001_r_000000_0 is allowed to commit now
2017-10-04 12:39:37,611 INFO  [pool-3-thread-1] output.FileOutputCommitter (FileOutputCommitter.java:commitTask(439)) - Saved output of task 'attempt_local1740179746_0001_r_000000_0' to file:/home/amhatre/project1/intermediate/_temporary/0/task_local1740179746_0001_r_000000
2017-10-04 12:39:37,612 INFO  [pool-3-thread-1] mapred.LocalJobRunner (LocalJobRunner.java:statusUpdate(591)) - reduce > reduce
2017-10-04 12:39:37,612 INFO  [pool-3-thread-1] mapred.Task (Task.java:sendDone(1121)) - Task 'attempt_local1740179746_0001_r_000000_0' done.
2017-10-04 12:39:37,612 INFO  [pool-3-thread-1] mapred.LocalJobRunner (LocalJobRunner.java:run(325)) - Finishing task: attempt_local1740179746_0001_r_000000_0
2017-10-04 12:39:37,612 INFO  [Thread-13] mapred.LocalJobRunner (LocalJobRunner.java:runTasks(456)) - reduce task executor complete.
2017-10-04 12:39:37,709 INFO  [main] mapreduce.Job (Job.java:monitorAndPrintJob(1366)) - Job job_local1740179746_0001 running in uber mode : false
2017-10-04 12:39:37,710 INFO  [main] mapreduce.Job (Job.java:monitorAndPrintJob(1373)) -  map 100% reduce 100%
2017-10-04 12:39:37,710 INFO  [main] mapreduce.Job (Job.java:monitorAndPrintJob(1384)) - Job job_local1740179746_0001 completed successfully
2017-10-04 12:39:37,729 INFO  [main] mapreduce.Job (Job.java:monitorAndPrintJob(1391)) - Counters: 33
	File System Counters
		FILE: Number of bytes read=30525
		FILE: Number of bytes written=796067
		FILE: Number of read operations=0
		FILE: Number of large read operations=0
		FILE: Number of write operations=0
	Map-Reduce Framework
		Map input records=19
		Map output records=19
		Map output bytes=342
		Map output materialized bytes=392
		Input split bytes=518
		Combine input records=0
		Combine output records=0
		Reduce input groups=3
		Reduce shuffle bytes=392
		Reduce input records=19
		Reduce output records=29
		Spilled Records=38
		Shuffled Maps =2
		Failed Shuffles=0
		Merged Map outputs=2
		GC time elapsed (ms)=330
		CPU time spent (ms)=0
		Physical memory (bytes) snapshot=0
		Virtual memory (bytes) snapshot=0
		Total committed heap usage (bytes)=3015180288
	Shuffle Errors
		BAD_ID=0
		CONNECTION=0
		IO_ERROR=0
		WRONG_LENGTH=0
		WRONG_MAP=0
		WRONG_REDUCE=0
	File Input Format Counters 
		Bytes Read=0
	File Output Format Counters 
		Bytes Written=330
2017-10-04 12:39:37,805 INFO  [main] jvm.JvmMetrics (JvmMetrics.java:init(71)) - Cannot initialize JVM Metrics with processName=JobTracker, sessionId= - already initialized
2017-10-04 12:39:37,837 WARN  [main] mapreduce.JobSubmitter (JobSubmitter.java:copyAndConfigureFiles(153)) - Hadoop command-line option parsing not performed. Implement the Tool interface and execute your application with ToolRunner to remedy this.
2017-10-04 12:39:38,006 INFO  [main] input.FileInputFormat (FileInputFormat.java:listStatus(281)) - Total input paths to process : 1
2017-10-04 12:39:38,016 INFO  [main] mapreduce.JobSubmitter (JobSubmitter.java:submitJobInternal(494)) - number of splits:1
2017-10-04 12:39:38,025 INFO  [main] mapreduce.JobSubmitter (JobSubmitter.java:printTokens(583)) - Submitting tokens for job: job_local845785261_0002
2017-10-04 12:39:38,195 INFO  [main] mapreduce.Job (Job.java:submit(1300)) - The url to track the job: http://localhost:8080/
2017-10-04 12:39:38,195 INFO  [main] mapreduce.Job (Job.java:monitorAndPrintJob(1345)) - Running job: job_local845785261_0002
2017-10-04 12:39:38,196 INFO  [Thread-38] mapred.LocalJobRunner (LocalJobRunner.java:createOutputCommitter(471)) - OutputCommitter set in config null
2017-10-04 12:39:38,196 INFO  [Thread-38] mapred.LocalJobRunner (LocalJobRunner.java:createOutputCommitter(489)) - OutputCommitter is org.apache.hadoop.mapreduce.lib.output.FileOutputCommitter
2017-10-04 12:39:38,211 INFO  [Thread-38] mapred.LocalJobRunner (LocalJobRunner.java:runTasks(448)) - Waiting for map tasks
2017-10-04 12:39:38,212 INFO  [LocalJobRunner Map Task Executor #0] mapred.LocalJobRunner (LocalJobRunner.java:run(224)) - Starting task: attempt_local845785261_0002_m_000000_0
2017-10-04 12:39:38,218 INFO  [LocalJobRunner Map Task Executor #0] mapred.Task (Task.java:initialize(587)) -  Using ResourceCalculatorProcessTree : [ ]
2017-10-04 12:39:38,218 INFO  [LocalJobRunner Map Task Executor #0] mapred.MapTask (MapTask.java:runNewMapper(753)) - Processing split: file:/home/amhatre/project1/intermediate/part-r-00000:0+318
2017-10-04 12:39:38,242 INFO  [LocalJobRunner Map Task Executor #0] mapred.MapTask (MapTask.java:setEquator(1202)) - (EQUATOR) 0 kvi 26214396(104857584)
2017-10-04 12:39:38,244 INFO  [LocalJobRunner Map Task Executor #0] mapred.MapTask (MapTask.java:init(995)) - mapreduce.task.io.sort.mb: 100
2017-10-04 12:39:38,244 INFO  [LocalJobRunner Map Task Executor #0] mapred.MapTask (MapTask.java:init(996)) - soft limit at 83886080
2017-10-04 12:39:38,244 INFO  [LocalJobRunner Map Task Executor #0] mapred.MapTask (MapTask.java:init(997)) - bufstart = 0; bufvoid = 104857600
2017-10-04 12:39:38,244 INFO  [LocalJobRunner Map Task Executor #0] mapred.MapTask (MapTask.java:init(998)) - kvstart = 26214396; length = 6553600
2017-10-04 12:39:38,264 INFO  [LocalJobRunner Map Task Executor #0] mapred.MapTask (MapTask.java:createSortingCollector(402)) - Map output collector class = org.apache.hadoop.mapred.MapTask$MapOutputBuffer
2017-10-04 12:39:38,269 INFO  [LocalJobRunner Map Task Executor #0] mapred.LocalJobRunner (LocalJobRunner.java:statusUpdate(591)) - 
2017-10-04 12:39:38,276 INFO  [LocalJobRunner Map Task Executor #0] mapred.MapTask (MapTask.java:flush(1457)) - Starting flush of map output
2017-10-04 12:39:38,276 INFO  [LocalJobRunner Map Task Executor #0] mapred.MapTask (MapTask.java:flush(1475)) - Spilling map output
2017-10-04 12:39:38,277 INFO  [LocalJobRunner Map Task Executor #0] mapred.MapTask (MapTask.java:flush(1476)) - bufstart = 0; bufend = 464; bufvoid = 104857600
2017-10-04 12:39:38,277 INFO  [LocalJobRunner Map Task Executor #0] mapred.MapTask (MapTask.java:flush(1478)) - kvstart = 26214396(104857584); kvend = 26214284(104857136); length = 113/6553600
2017-10-04 12:39:38,278 INFO  [LocalJobRunner Map Task Executor #0] mapred.MapTask (MapTask.java:sortAndSpill(1660)) - Finished spill 0
2017-10-04 12:39:38,279 INFO  [LocalJobRunner Map Task Executor #0] mapred.Task (Task.java:done(1001)) - Task:attempt_local845785261_0002_m_000000_0 is done. And is in the process of committing
2017-10-04 12:39:38,289 INFO  [LocalJobRunner Map Task Executor #0] mapred.LocalJobRunner (LocalJobRunner.java:statusUpdate(591)) - map
2017-10-04 12:39:38,290 INFO  [LocalJobRunner Map Task Executor #0] mapred.Task (Task.java:sendDone(1121)) - Task 'attempt_local845785261_0002_m_000000_0' done.
2017-10-04 12:39:38,290 INFO  [LocalJobRunner Map Task Executor #0] mapred.LocalJobRunner (LocalJobRunner.java:run(249)) - Finishing task: attempt_local845785261_0002_m_000000_0
2017-10-04 12:39:38,290 INFO  [Thread-38] mapred.LocalJobRunner (LocalJobRunner.java:runTasks(456)) - map task executor complete.
2017-10-04 12:39:38,301 INFO  [Thread-38] mapred.LocalJobRunner (LocalJobRunner.java:runTasks(448)) - Waiting for reduce tasks
2017-10-04 12:39:38,308 INFO  [pool-6-thread-1] mapred.LocalJobRunner (LocalJobRunner.java:run(302)) - Starting task: attempt_local845785261_0002_r_000000_0
2017-10-04 12:39:38,321 INFO  [pool-6-thread-1] mapred.Task (Task.java:initialize(587)) -  Using ResourceCalculatorProcessTree : [ ]
2017-10-04 12:39:38,321 INFO  [pool-6-thread-1] mapred.ReduceTask (ReduceTask.java:run(362)) - Using ShuffleConsumerPlugin: org.apache.hadoop.mapreduce.task.reduce.Shuffle@16d5818b
2017-10-04 12:39:38,322 INFO  [pool-6-thread-1] reduce.MergeManagerImpl (MergeManagerImpl.java:<init>(196)) - MergerManager: memoryLimit=703542080, maxSingleShuffleLimit=175885520, mergeThreshold=464337792, ioSortFactor=10, memToMemMergeOutputsThreshold=10
2017-10-04 12:39:38,335 INFO  [EventFetcher for fetching Map Completion Events] reduce.EventFetcher (EventFetcher.java:run(61)) - attempt_local845785261_0002_r_000000_0 Thread started: EventFetcher for fetching Map Completion Events
2017-10-04 12:39:38,346 INFO  [localfetcher#2] reduce.LocalFetcher (LocalFetcher.java:copyMapOutput(141)) - localfetcher#2 about to shuffle output of map attempt_local845785261_0002_m_000000_0 decomp: 524 len: 528 to MEMORY
2017-10-04 12:39:38,347 INFO  [localfetcher#2] reduce.InMemoryMapOutput (InMemoryMapOutput.java:shuffle(100)) - Read 524 bytes from map-output for attempt_local845785261_0002_m_000000_0
2017-10-04 12:39:38,347 INFO  [localfetcher#2] reduce.MergeManagerImpl (MergeManagerImpl.java:closeInMemoryFile(314)) - closeInMemoryFile -> map-output of size: 524, inMemoryMapOutputs.size() -> 1, commitMemory -> 0, usedMemory ->524
2017-10-04 12:39:38,347 INFO  [EventFetcher for fetching Map Completion Events] reduce.EventFetcher (EventFetcher.java:run(76)) - EventFetcher is interrupted.. Returning
2017-10-04 12:39:38,349 INFO  [pool-6-thread-1] mapred.LocalJobRunner (LocalJobRunner.java:statusUpdate(591)) - 1 / 1 copied.
2017-10-04 12:39:38,350 INFO  [pool-6-thread-1] reduce.MergeManagerImpl (MergeManagerImpl.java:finalMerge(674)) - finalMerge called with 1 in-memory map-outputs and 0 on-disk map-outputs
2017-10-04 12:39:38,350 INFO  [pool-6-thread-1] mapred.Merger (Merger.java:merge(597)) - Merging 1 sorted segments
2017-10-04 12:39:38,350 INFO  [pool-6-thread-1] mapred.Merger (Merger.java:merge(696)) - Down to the last merge-pass, with 1 segments left of total size: 514 bytes
2017-10-04 12:39:38,353 INFO  [pool-6-thread-1] reduce.MergeManagerImpl (MergeManagerImpl.java:finalMerge(751)) - Merged 1 segments, 524 bytes to disk to satisfy reduce memory limit
2017-10-04 12:39:38,353 INFO  [pool-6-thread-1] reduce.MergeManagerImpl (MergeManagerImpl.java:finalMerge(781)) - Merging 1 files, 528 bytes from disk
2017-10-04 12:39:38,353 INFO  [pool-6-thread-1] reduce.MergeManagerImpl (MergeManagerImpl.java:finalMerge(796)) - Merging 0 segments, 0 bytes from memory into reduce
2017-10-04 12:39:38,353 INFO  [pool-6-thread-1] mapred.Merger (Merger.java:merge(597)) - Merging 1 sorted segments
2017-10-04 12:39:38,354 INFO  [pool-6-thread-1] mapred.Merger (Merger.java:merge(696)) - Down to the last merge-pass, with 1 segments left of total size: 514 bytes
2017-10-04 12:39:38,354 INFO  [pool-6-thread-1] mapred.LocalJobRunner (LocalJobRunner.java:statusUpdate(591)) - 1 / 1 copied.
2017-10-04 12:39:38,395 INFO  [pool-6-thread-1] mapred.Task (Task.java:done(1001)) - Task:attempt_local845785261_0002_r_000000_0 is done. And is in the process of committing
2017-10-04 12:39:38,396 INFO  [pool-6-thread-1] mapred.LocalJobRunner (LocalJobRunner.java:statusUpdate(591)) - 1 / 1 copied.
2017-10-04 12:39:38,396 INFO  [pool-6-thread-1] mapred.Task (Task.java:commit(1162)) - Task attempt_local845785261_0002_r_000000_0 is allowed to commit now
2017-10-04 12:39:38,398 INFO  [pool-6-thread-1] output.FileOutputCommitter (FileOutputCommitter.java:commitTask(439)) - Saved output of task 'attempt_local845785261_0002_r_000000_0' to file:/home/amhatre/project1/output/_temporary/0/task_local845785261_0002_r_000000
2017-10-04 12:39:38,398 INFO  [pool-6-thread-1] mapred.LocalJobRunner (LocalJobRunner.java:statusUpdate(591)) - reduce > reduce
2017-10-04 12:39:38,398 INFO  [pool-6-thread-1] mapred.Task (Task.java:sendDone(1121)) - Task 'attempt_local845785261_0002_r_000000_0' done.
2017-10-04 12:39:38,398 INFO  [pool-6-thread-1] mapred.LocalJobRunner (LocalJobRunner.java:run(325)) - Finishing task: attempt_local845785261_0002_r_000000_0
2017-10-04 12:39:38,399 INFO  [Thread-38] mapred.LocalJobRunner (LocalJobRunner.java:runTasks(456)) - reduce task executor complete.
2017-10-04 12:39:39,196 INFO  [main] mapreduce.Job (Job.java:monitorAndPrintJob(1366)) - Job job_local845785261_0002 running in uber mode : false
2017-10-04 12:39:39,196 INFO  [main] mapreduce.Job (Job.java:monitorAndPrintJob(1373)) -  map 100% reduce 100%
2017-10-04 12:39:39,197 INFO  [main] mapreduce.Job (Job.java:monitorAndPrintJob(1384)) - Job job_local845785261_0002 completed successfully
2017-10-04 12:39:39,201 INFO  [main] mapreduce.Job (Job.java:monitorAndPrintJob(1391)) - Counters: 33
	File System Counters
		FILE: Number of bytes read=41602
		FILE: Number of bytes written=1058425
		FILE: Number of read operations=0
		FILE: Number of large read operations=0
		FILE: Number of write operations=0
	Map-Reduce Framework
		Map input records=29
		Map output records=29
		Map output bytes=464
		Map output materialized bytes=528
		Input split bytes=118
		Combine input records=0
		Combine output records=0
		Reduce input groups=12
		Reduce shuffle bytes=528
		Reduce input records=29
		Reduce output records=12
		Spilled Records=58
		Shuffled Maps =1
		Failed Shuffles=0
		Merged Map outputs=1
		GC time elapsed (ms)=0
		CPU time spent (ms)=0
		Physical memory (bytes) snapshot=0
		Virtual memory (bytes) snapshot=0
		Total committed heap usage (bytes)=2010120192
	Shuffle Errors
		BAD_ID=0
		CONNECTION=0
		IO_ERROR=0
		WRONG_LENGTH=0
		WRONG_MAP=0
		WRONG_REDUCE=0
	File Input Format Counters 
		Bytes Read=338
	File Output Format Counters 
		Bytes Written=147
